2023-01-30 11:21:53 Reading training dataset.........
2023-01-30 11:22:48 Reading training dataset.........
2023-01-30 11:22:48 Read the training data successfully.
2023-01-30 11:22:48 Reading testing dataset........
2023-01-30 11:22:48 Read the testing data successfully.
2023-01-30 11:22:48 Reading validation dataset........
2023-01-30 11:22:48 Read the validation data successfully.
2023-01-30 11:22:48 Created pipelines for our models.
2023-01-30 11:22:48 Selected top 4 important features.
2023-01-30 11:22:48 Hyperparameter tuning intiated in Random Forest.......
2023-01-30 11:22:48 Random forest training started......
2023-01-30 11:22:57 {'random_forest__n_estimators': 70, 'random_forest__max_depth': 50}
2023-01-30 11:22:57 Random forest trained.
2023-01-30 11:22:57 Hyperparameter tuning intiated in XGBoost.......
2023-01-30 11:22:57 XGBoost training started.
2023-01-30 11:23:48 {'XGboost__n_estimators': 8000, 'XGboost__max_depth': 7, 'XGboost__learning_rate': 0.005, 'XGboost__colsample_bytree': 0.5}
2023-01-30 11:23:48 XGBoost trained.
2023-01-30 11:23:48 Successfully saved Random forest as pickle file.
2023-01-30 11:23:48 Successfully saved XGBoost as pickle file.
2023-01-30 11:23:48 Sucessfully executed!
2023-03-27 13:19:01 Reading training dataset.........
2023-03-27 13:19:01 Read the training data successfully.
2023-03-27 13:19:01 Reading testing dataset........
2023-03-27 13:19:01 Read the testing data successfully.
2023-03-27 13:19:01 Reading validation dataset........
2023-03-27 13:19:01 Read the validation data successfully.
2023-03-27 13:19:01 Created pipelines for our models.
2023-03-27 13:19:01 Selected top 4 important features.
2023-03-27 13:19:01 Hyperparameter tuning intiated in Random Forest.......
2023-03-27 13:19:01 Random forest training started......
2023-03-27 13:20:31 {'random_forest__n_estimators': 400, 'random_forest__max_depth': 35}
2023-03-27 13:20:31 Random forest trained.
2023-03-27 13:20:31 Hyperparameter tuning intiated in XGBoost.......
2023-03-27 13:20:31 XGBoost training started.
